#
# There is insufficient memory for the Java Runtime Environment to continue.
# Native memory allocation (malloc) failed to allocate 32744 bytes for ChunkPool::allocate
# Possible reasons:
#   The system is out of physical RAM or swap space
#   The process is running with CompressedOops enabled, and the Java Heap may be blocking the growth of the native heap
# Possible solutions:
#   Reduce memory load on the system
#   Increase physical memory or swap space
#   Check if swap backing store is full
#   Decrease Java heap size (-Xmx/-Xms)
#   Decrease number of Java threads
#   Decrease Java thread stack sizes (-Xss)
#   Set larger code cache with -XX:ReservedCodeCacheSize=
#   JVM is running with Unscaled Compressed Oops mode in which the Java heap is
#     placed in the first 4GB address space. The Java Heap base address is the
#     maximum limit for the native heap growth. Please use -XX:HeapBaseMinAddress
#     to set the Java Heap base and to place the Java Heap above 4GB virtual address.
# This output file may be truncated or incomplete.
#
#  Out of Memory Error (arena.cpp:78), pid=2604, tid=10268
#
# JRE version: OpenJDK Runtime Environment Temurin-17.0.4+8 (17.0.4+8) (build 17.0.4+8)
# Java VM: OpenJDK 64-Bit Server VM Temurin-17.0.4+8 (17.0.4+8, mixed mode, tiered, compressed oops, compressed class ptrs, g1 gc, windows-amd64)
# No core dump will be written. Minidumps are not enabled by default on client versions of Windows
#

---------------  S U M M A R Y ------------

Command Line: -Dfile.encoding=UTF-8 -XX:+ShowCodeDetailsInExceptionMessages io.javabrains.springbootstarter.CourseApiApp

Host: Intel(R) Core(TM) i5-8250U CPU @ 1.60GHz, 8 cores, 7G,  Windows 10 , 64 bit Build 19041 (10.0.19041.1706)
Time: Tue Aug 30 08:19:29 2022 India Standard Time elapsed time: 1.013966 seconds (0d 0h 0m 1s)

---------------  T H R E A D  ---------------

Current thread (0x000001d9940347e0):  JavaThread "C2 CompilerThread0" daemon [_thread_in_native, id=10268, stack(0x00000028b6b00000,0x00000028b6c00000)]


Current CompileTask:
C2:   1014 1392   !   4       java.util.concurrent.ConcurrentHashMap::transfer (849 bytes)

Stack: [0x00000028b6b00000,0x00000028b6c00000]
Native frames: (J=compiled Java code, j=interpreted, Vv=VM code, C=native code)
V  [jvm.dll+0x67733a]
V  [jvm.dll+0x8323c4]
V  [jvm.dll+0x833b6e]
V  [jvm.dll+0x8341d3]
V  [jvm.dll+0x2455e5]
V  [jvm.dll+0xabfc0]
V  [jvm.dll+0xac30c]
V  [jvm.dll+0x602b40]
V  [jvm.dll+0x602cd6]
V  [jvm.dll+0x6089b7]
V  [jvm.dll+0x609832]
V  [jvm.dll+0x607d94]
V  [jvm.dll+0x218348]
V  [jvm.dll+0x2178f1]
V  [jvm.dll+0x1a3f8d]
V  [jvm.dll+0x227308]
V  [jvm.dll+0x225455]
V  [jvm.dll+0x7e7eeb]
V  [jvm.dll+0x7e245a]
V  [jvm.dll+0x6761c5]
C  [ucrtbase.dll+0x21bb2]
C  [KERNEL32.DLL+0x17034]
C  [ntdll.dll+0x52651]


---------------  P R O C E S S  ---------------

Threads class SMR info:
_java_thread_list=0x000001d994be3f50, length=14, elements={
0x000001d9f9691ca0, 0x000001d9936f2380, 0x000001d9936a6f10, 0x000001d9936aef40,
0x000001d9936af9f0, 0x000001d9936c4e00, 0x000001d9936c5e60, 0x000001d9940347e0,
0x000001d994038030, 0x000001d994039d30, 0x000001d994181b80, 0x000001d99418ab10,
0x000001d9942b49c0, 0x000001d994b98990
}

Java Threads: ( => current thread )
  0x000001d9f9691ca0 JavaThread "main" [_thread_in_vm, id=12024, stack(0x00000028b5e00000,0x00000028b5f00000)]
  0x000001d9936f2380 JavaThread "Reference Handler" daemon [_thread_blocked, id=13676, stack(0x00000028b6500000,0x00000028b6600000)]
  0x000001d9936a6f10 JavaThread "Finalizer" daemon [_thread_blocked, id=16512, stack(0x00000028b6600000,0x00000028b6700000)]
  0x000001d9936aef40 JavaThread "Signal Dispatcher" daemon [_thread_blocked, id=21388, stack(0x00000028b6700000,0x00000028b6800000)]
  0x000001d9936af9f0 JavaThread "Attach Listener" daemon [_thread_blocked, id=19680, stack(0x00000028b6800000,0x00000028b6900000)]
  0x000001d9936c4e00 JavaThread "Service Thread" daemon [_thread_blocked, id=16548, stack(0x00000028b6900000,0x00000028b6a00000)]
  0x000001d9936c5e60 JavaThread "Monitor Deflation Thread" daemon [_thread_blocked, id=18392, stack(0x00000028b6a00000,0x00000028b6b00000)]
=>0x000001d9940347e0 JavaThread "C2 CompilerThread0" daemon [_thread_in_native, id=10268, stack(0x00000028b6b00000,0x00000028b6c00000)]
  0x000001d994038030 JavaThread "C1 CompilerThread0" daemon [_thread_in_native, id=17124, stack(0x00000028b6c00000,0x00000028b6d00000)]
  0x000001d994039d30 JavaThread "Sweeper thread" daemon [_thread_blocked, id=18944, stack(0x00000028b6d00000,0x00000028b6e00000)]
  0x000001d994181b80 JavaThread "Notification Thread" daemon [_thread_blocked, id=15860, stack(0x00000028b6e00000,0x00000028b6f00000)]
  0x000001d99418ab10 JavaThread "Common-Cleaner" daemon [_thread_blocked, id=12644, stack(0x00000028b7000000,0x00000028b7100000)]
  0x000001d9942b49c0 JavaThread "C2 CompilerThread1" daemon [_thread_in_native, id=17368, stack(0x00000028b7100000,0x00000028b7200000)]
  0x000001d994b98990 JavaThread "background-preinit" [_thread_in_vm, id=356, stack(0x00000028b7200000,0x00000028b7300000)]

Other Threads:
  0x000001d9936dfa60 VMThread "VM Thread" [stack: 0x00000028b6400000,0x00000028b6500000] [id=15560]
  0x000001d994186060 WatcherThread [stack: 0x00000028b6f00000,0x00000028b7000000] [id=8524]
  0x000001d9f96ef450 GCTaskThread "GC Thread#0" [stack: 0x00000028b5f00000,0x00000028b6000000] [id=18604]
  0x000001d99589e360 GCTaskThread "GC Thread#1" [stack: 0x00000028b7300000,0x00000028b7400000] [id=7784]
  0x000001d994bd3a20 GCTaskThread "GC Thread#2" [stack: 0x00000028b7400000,0x00000028b7500000] [id=16824]
  0x000001d995839390 GCTaskThread "GC Thread#3" [stack: 0x00000028b7500000,0x00000028b7600000] [id=12852]
  0x000001d9958efc80 GCTaskThread "GC Thread#4" [stack: 0x00000028b7600000,0x00000028b7700000] [id=8892]
  0x000001d9958f0550 GCTaskThread "GC Thread#5" [stack: 0x00000028b7700000,0x00000028b7800000] [id=9328]
  0x000001d9958f0c10 GCTaskThread "GC Thread#6" [stack: 0x00000028b7800000,0x00000028b7900000] [id=11680]
  0x000001d9958f54f0 GCTaskThread "GC Thread#7" [stack: 0x00000028b7900000,0x00000028b7a00000] [id=19128]
  0x000001d9f97000d0 ConcurrentGCThread "G1 Main Marker" [stack: 0x00000028b6000000,0x00000028b6100000] [id=10948]
  0x000001d9f9702290 ConcurrentGCThread "G1 Conc#0" [stack: 0x00000028b6100000,0x00000028b6200000] [id=22440]
  0x000001d9f9769210 ConcurrentGCThread "G1 Refine#0" [stack: 0x00000028b6200000,0x00000028b6300000] [id=18620]
  0x000001d99584bdf0 ConcurrentGCThread "G1 Refine#1" [stack: 0x00000028b7a00000,0x00000028b7b00000] [id=17972]
  0x000001d994b576f0 ConcurrentGCThread "G1 Refine#2" [stack: 0x00000028b7b00000,0x00000028b7c00000] [id=12276]
  0x000001d9f9769c30 ConcurrentGCThread "G1 Service" [stack: 0x00000028b6300000,0x00000028b6400000] [id=21540]

Threads with active compile tasks:
C2 CompilerThread0     1045 1392   !   4       java.util.concurrent.ConcurrentHashMap::transfer (849 bytes)
C1 CompilerThread0     1045 1409       3       jdk.internal.org.objectweb.asm.ClassWriter::toByteArray (1515 bytes)
C2 CompilerThread1     1045 1325       4       jdk.internal.loader.URLClassPath::getResource (74 bytes)

VM state: not at safepoint (normal execution)

VM Mutex/Monitor currently owned by a thread:  ([mutex/lock_event])
[0x000001d9f968c1f0] Metaspace_lock - owner thread: 0x000001d994b98990

Heap address: 0x0000000081600000, size: 2026 MB, Compressed Oops mode: 32-bit

CDS archive(s) not mapped
Compressed class space mapped at: 0x0000000100000000-0x0000000140000000, reserved size: 1073741824
Narrow klass base: 0x0000000000000000, Narrow klass shift: 3, Narrow klass range: 0x140000000

GC Precious Log:
 CPUs: 8 total, 8 available
 Memory: 8103M
 Large Page Support: Disabled
 NUMA Support: Disabled
 Compressed Oops: Enabled (32-bit)
 Heap Region Size: 1M
 Heap Min Capacity: 8M
 Heap Initial Capacity: 128M
 Heap Max Capacity: 2026M
 Pre-touch: Disabled
 Parallel Workers: 8
 Concurrent Workers: 2
 Concurrent Refinement Workers: 8
 Periodic GC: Disabled

Heap:
 garbage-first heap   total 131072K, used 19364K [0x0000000081600000, 0x0000000100000000)
  region size 1024K, 18 young (18432K), 3 survivors (3072K)
 Metaspace       used 19988K, committed 20160K, reserved 1073152K
  class space    used 2119K, committed 2240K, reserved 1048576K

Heap Regions: E=young(eden), S=young(survivor), O=old, HS=humongous(starts), HC=humongous(continues), CS=collection set, F=free, OA=open archive, CA=closed archive, TAMS=top-at-mark-start (previous, next)
|   0|0x0000000081600000, 0x0000000081700000, 0x0000000081700000|100%| O|  |TAMS 0x0000000081600000, 0x0000000081600000| Untracked 
|   1|0x0000000081700000, 0x00000000817e9200, 0x0000000081800000| 91%| O|  |TAMS 0x0000000081700000, 0x0000000081700000| Untracked 
|   2|0x0000000081800000, 0x0000000081800000, 0x0000000081900000|  0%| F|  |TAMS 0x0000000081800000, 0x0000000081800000| Untracked 
|   3|0x0000000081900000, 0x0000000081900000, 0x0000000081a00000|  0%| F|  |TAMS 0x0000000081900000, 0x0000000081900000| Untracked 
|   4|0x0000000081a00000, 0x0000000081a00000, 0x0000000081b00000|  0%| F|  |TAMS 0x0000000081a00000, 0x0000000081a00000| Untracked 
|   5|0x0000000081b00000, 0x0000000081b00000, 0x0000000081c00000|  0%| F|  |TAMS 0x0000000081b00000, 0x0000000081b00000| Untracked 
|   6|0x0000000081c00000, 0x0000000081c00000, 0x0000000081d00000|  0%| F|  |TAMS 0x0000000081c00000, 0x0000000081c00000| Untracked 
|   7|0x0000000081d00000, 0x0000000081d00000, 0x0000000081e00000|  0%| F|  |TAMS 0x0000000081d00000, 0x0000000081d00000| Untracked 
|   8|0x0000000081e00000, 0x0000000081e00000, 0x0000000081f00000|  0%| F|  |TAMS 0x0000000081e00000, 0x0000000081e00000| Untracked 
|   9|0x0000000081f00000, 0x0000000081f00000, 0x0000000082000000|  0%| F|  |TAMS 0x0000000081f00000, 0x0000000081f00000| Untracked 
|  10|0x0000000082000000, 0x0000000082000000, 0x0000000082100000|  0%| F|  |TAMS 0x0000000082000000, 0x0000000082000000| Untracked 
|  11|0x0000000082100000, 0x0000000082100000, 0x0000000082200000|  0%| F|  |TAMS 0x0000000082100000, 0x0000000082100000| Untracked 
|  12|0x0000000082200000, 0x0000000082200000, 0x0000000082300000|  0%| F|  |TAMS 0x0000000082200000, 0x0000000082200000| Untracked 
|  13|0x0000000082300000, 0x0000000082300000, 0x0000000082400000|  0%| F|  |TAMS 0x0000000082300000, 0x0000000082300000| Untracked 
|  14|0x0000000082400000, 0x0000000082400000, 0x0000000082500000|  0%| F|  |TAMS 0x0000000082400000, 0x0000000082400000| Untracked 
|  15|0x0000000082500000, 0x0000000082500000, 0x0000000082600000|  0%| F|  |TAMS 0x0000000082500000, 0x0000000082500000| Untracked 
|  16|0x0000000082600000, 0x0000000082600000, 0x0000000082700000|  0%| F|  |TAMS 0x0000000082600000, 0x0000000082600000| Untracked 
|  17|0x0000000082700000, 0x0000000082700000, 0x0000000082800000|  0%| F|  |TAMS 0x0000000082700000, 0x0000000082700000| Untracked 
|  18|0x0000000082800000, 0x0000000082800000, 0x0000000082900000|  0%| F|  |TAMS 0x0000000082800000, 0x0000000082800000| Untracked 
|  19|0x0000000082900000, 0x0000000082900000, 0x0000000082a00000|  0%| F|  |TAMS 0x0000000082900000, 0x0000000082900000| Untracked 
|  20|0x0000000082a00000, 0x0000000082a00000, 0x0000000082b00000|  0%| F|  |TAMS 0x0000000082a00000, 0x0000000082a00000| Untracked 
|  21|0x0000000082b00000, 0x0000000082b00000, 0x0000000082c00000|  0%| F|  |TAMS 0x0000000082b00000, 0x0000000082b00000| Untracked 
|  22|0x0000000082c00000, 0x0000000082c00000, 0x0000000082d00000|  0%| F|  |TAMS 0x0000000082c00000, 0x0000000082c00000| Untracked 
|  23|0x0000000082d00000, 0x0000000082d00000, 0x0000000082e00000|  0%| F|  |TAMS 0x0000000082d00000, 0x0000000082d00000| Untracked 
|  24|0x0000000082e00000, 0x0000000082e00000, 0x0000000082f00000|  0%| F|  |TAMS 0x0000000082e00000, 0x0000000082e00000| Untracked 
|  25|0x0000000082f00000, 0x0000000082f00000, 0x0000000083000000|  0%| F|  |TAMS 0x0000000082f00000, 0x0000000082f00000| Untracked 
|  26|0x0000000083000000, 0x0000000083000000, 0x0000000083100000|  0%| F|  |TAMS 0x0000000083000000, 0x0000000083000000| Untracked 
|  27|0x0000000083100000, 0x0000000083100000, 0x0000000083200000|  0%| F|  |TAMS 0x0000000083100000, 0x0000000083100000| Untracked 
|  28|0x0000000083200000, 0x0000000083200000, 0x0000000083300000|  0%| F|  |TAMS 0x0000000083200000, 0x0000000083200000| Untracked 
|  29|0x0000000083300000, 0x0000000083300000, 0x0000000083400000|  0%| F|  |TAMS 0x0000000083300000, 0x0000000083300000| Untracked 
|  30|0x0000000083400000, 0x0000000083400000, 0x0000000083500000|  0%| F|  |TAMS 0x0000000083400000, 0x0000000083400000| Untracked 
|  31|0x0000000083500000, 0x0000000083500000, 0x0000000083600000|  0%| F|  |TAMS 0x0000000083500000, 0x0000000083500000| Untracked 
|  32|0x0000000083600000, 0x0000000083600000, 0x0000000083700000|  0%| F|  |TAMS 0x0000000083600000, 0x0000000083600000| Untracked 
|  33|0x0000000083700000, 0x0000000083700000, 0x0000000083800000|  0%| F|  |TAMS 0x0000000083700000, 0x0000000083700000| Untracked 
|  34|0x0000000083800000, 0x0000000083800000, 0x0000000083900000|  0%| F|  |TAMS 0x0000000083800000, 0x0000000083800000| Untracked 
|  35|0x0000000083900000, 0x0000000083900000, 0x0000000083a00000|  0%| F|  |TAMS 0x0000000083900000, 0x0000000083900000| Untracked 
|  36|0x0000000083a00000, 0x0000000083a00000, 0x0000000083b00000|  0%| F|  |TAMS 0x0000000083a00000, 0x0000000083a00000| Untracked 
|  37|0x0000000083b00000, 0x0000000083b00000, 0x0000000083c00000|  0%| F|  |TAMS 0x0000000083b00000, 0x0000000083b00000| Untracked 
|  38|0x0000000083c00000, 0x0000000083c00000, 0x0000000083d00000|  0%| F|  |TAMS 0x0000000083c00000, 0x0000000083c00000| Untracked 
|  39|0x0000000083d00000, 0x0000000083d00000, 0x0000000083e00000|  0%| F|  |TAMS 0x0000000083d00000, 0x0000000083d00000| Untracked 
|  40|0x0000000083e00000, 0x0000000083e00000, 0x0000000083f00000|  0%| F|  |TAMS 0x0000000083e00000, 0x0000000083e00000| Untracked 
|  41|0x0000000083f00000, 0x0000000083f00000, 0x0000000084000000|  0%| F|  |TAMS 0x0000000083f00000, 0x0000000083f00000| Untracked 
|  42|0x0000000084000000, 0x0000000084000000, 0x0000000084100000|  0%| F|  |TAMS 0x0000000084000000, 0x0000000084000000| Untracked 
|  43|0x0000000084100000, 0x0000000084100000, 0x0000000084200000|  0%| F|  |TAMS 0x0000000084100000, 0x0000000084100000| Untracked 
|  44|0x0000000084200000, 0x0000000084200000, 0x0000000084300000|  0%| F|  |TAMS 0x0000000084200000, 0x0000000084200000| Untracked 
|  45|0x0000000084300000, 0x0000000084300000, 0x0000000084400000|  0%| F|  |TAMS 0x0000000084300000, 0x0000000084300000| Untracked 
|  46|0x0000000084400000, 0x0000000084400000, 0x0000000084500000|  0%| F|  |TAMS 0x0000000084400000, 0x0000000084400000| Untracked 
|  47|0x0000000084500000, 0x0000000084500000, 0x0000000084600000|  0%| F|  |TAMS 0x0000000084500000, 0x0000000084500000| Untracked 
|  48|0x0000000084600000, 0x0000000084600000, 0x0000000084700000|  0%| F|  |TAMS 0x0000000084600000, 0x0000000084600000| Untracked 
|  49|0x0000000084700000, 0x0000000084700000, 0x0000000084800000|  0%| F|  |TAMS 0x0000000084700000, 0x0000000084700000| Untracked 
|  50|0x0000000084800000, 0x0000000084800000, 0x0000000084900000|  0%| F|  |TAMS 0x0000000084800000, 0x0000000084800000| Untracked 
|  51|0x0000000084900000, 0x0000000084900000, 0x0000000084a00000|  0%| F|  |TAMS 0x0000000084900000, 0x0000000084900000| Untracked 
|  52|0x0000000084a00000, 0x0000000084a00000, 0x0000000084b00000|  0%| F|  |TAMS 0x0000000084a00000, 0x0000000084a00000| Untracked 
|  53|0x0000000084b00000, 0x0000000084b00000, 0x0000000084c00000|  0%| F|  |TAMS 0x0000000084b00000, 0x0000000084b00000| Untracked 
|  54|0x0000000084c00000, 0x0000000084c00000, 0x0000000084d00000|  0%| F|  |TAMS 0x0000000084c00000, 0x0000000084c00000| Untracked 
|  55|0x0000000084d00000, 0x0000000084d00000, 0x0000000084e00000|  0%| F|  |TAMS 0x0000000084d00000, 0x0000000084d00000| Untracked 
|  56|0x0000000084e00000, 0x0000000084e00000, 0x0000000084f00000|  0%| F|  |TAMS 0x0000000084e00000, 0x0000000084e00000| Untracked 
|  57|0x0000000084f00000, 0x0000000084f00000, 0x0000000085000000|  0%| F|  |TAMS 0x0000000084f00000, 0x0000000084f00000| Untracked 
|  58|0x0000000085000000, 0x0000000085000000, 0x0000000085100000|  0%| F|  |TAMS 0x0000000085000000, 0x0000000085000000| Untracked 
|  59|0x0000000085100000, 0x0000000085100000, 0x0000000085200000|  0%| F|  |TAMS 0x0000000085100000, 0x0000000085100000| Untracked 
|  60|0x0000000085200000, 0x0000000085200000, 0x0000000085300000|  0%| F|  |TAMS 0x0000000085200000, 0x0000000085200000| Untracked 
|  61|0x0000000085300000, 0x0000000085300000, 0x0000000085400000|  0%| F|  |TAMS 0x0000000085300000, 0x0000000085300000| Untracked 
|  62|0x0000000085400000, 0x0000000085400000, 0x0000000085500000|  0%| F|  |TAMS 0x0000000085400000, 0x0000000085400000| Untracked 
|  63|0x0000000085500000, 0x0000000085500000, 0x0000000085600000|  0%| F|  |TAMS 0x0000000085500000, 0x0000000085500000| Untracked 
|  64|0x0000000085600000, 0x0000000085600000, 0x0000000085700000|  0%| F|  |TAMS 0x0000000085600000, 0x0000000085600000| Untracked 
|  65|0x0000000085700000, 0x0000000085700000, 0x0000000085800000|  0%| F|  |TAMS 0x0000000085700000, 0x0000000085700000| Untracked 
|  66|0x0000000085800000, 0x0000000085800000, 0x0000000085900000|  0%| F|  |TAMS 0x0000000085800000, 0x0000000085800000| Untracked 
|  67|0x0000000085900000, 0x0000000085900000, 0x0000000085a00000|  0%| F|  |TAMS 0x0000000085900000, 0x0000000085900000| Untracked 
|  68|0x0000000085a00000, 0x0000000085a00000, 0x0000000085b00000|  0%| F|  |TAMS 0x0000000085a00000, 0x0000000085a00000| Untracked 
|  69|0x0000000085b00000, 0x0000000085b00000, 0x0000000085c00000|  0%| F|  |TAMS 0x0000000085b00000, 0x0000000085b00000| Untracked 
|  70|0x0000000085c00000, 0x0000000085c00000, 0x0000000085d00000|  0%| F|  |TAMS 0x0000000085c00000, 0x0000000085c00000| Untracked 
|  71|0x0000000085d00000, 0x0000000085d00000, 0x0000000085e00000|  0%| F|  |TAMS 0x0000000085d00000, 0x0000000085d00000| Untracked 
|  72|0x0000000085e00000, 0x0000000085e00000, 0x0000000085f00000|  0%| F|  |TAMS 0x0000000085e00000, 0x0000000085e00000| Untracked 
|  73|0x0000000085f00000, 0x0000000085f00000, 0x0000000086000000|  0%| F|  |TAMS 0x0000000085f00000, 0x0000000085f00000| Untracked 
|  74|0x0000000086000000, 0x0000000086000000, 0x0000000086100000|  0%| F|  |TAMS 0x0000000086000000, 0x0000000086000000| Untracked 
|  75|0x0000000086100000, 0x0000000086100000, 0x0000000086200000|  0%| F|  |TAMS 0x0000000086100000, 0x0000000086100000| Untracked 
|  76|0x0000000086200000, 0x0000000086200000, 0x0000000086300000|  0%| F|  |TAMS 0x0000000086200000, 0x0000000086200000| Untracked 
|  77|0x0000000086300000, 0x0000000086300000, 0x0000000086400000|  0%| F|  |TAMS 0x0000000086300000, 0x0000000086300000| Untracked 
|  78|0x0000000086400000, 0x0000000086400000, 0x0000000086500000|  0%| F|  |TAMS 0x0000000086400000, 0x0000000086400000| Untracked 
|  79|0x0000000086500000, 0x0000000086500000, 0x0000000086600000|  0%| F|  |TAMS 0x0000000086500000, 0x0000000086500000| Untracked 
|  80|0x0000000086600000, 0x0000000086600000, 0x0000000086700000|  0%| F|  |TAMS 0x0000000086600000, 0x0000000086600000| Untracked 
|  81|0x0000000086700000, 0x0000000086700000, 0x0000000086800000|  0%| F|  |TAMS 0x0000000086700000, 0x0000000086700000| Untracked 
|  82|0x0000000086800000, 0x0000000086800000, 0x0000000086900000|  0%| F|  |TAMS 0x0000000086800000, 0x0000000086800000| Untracked 
|  83|0x0000000086900000, 0x0000000086900000, 0x0000000086a00000|  0%| F|  |TAMS 0x0000000086900000, 0x0000000086900000| Untracked 
|  84|0x0000000086a00000, 0x0000000086a00000, 0x0000000086b00000|  0%| F|  |TAMS 0x0000000086a00000, 0x0000000086a00000| Untracked 
|  85|0x0000000086b00000, 0x0000000086b00000, 0x0000000086c00000|  0%| F|  |TAMS 0x0000000086b00000, 0x0000000086b00000| Untracked 
|  86|0x0000000086c00000, 0x0000000086c00000, 0x0000000086d00000|  0%| F|  |TAMS 0x0000000086c00000, 0x0000000086c00000| Untracked 
|  87|0x0000000086d00000, 0x0000000086d00000, 0x0000000086e00000|  0%| F|  |TAMS 0x0000000086d00000, 0x0000000086d00000| Untracked 
|  88|0x0000000086e00000, 0x0000000086e00000, 0x0000000086f00000|  0%| F|  |TAMS 0x0000000086e00000, 0x0000000086e00000| Untracked 
|  89|0x0000000086f00000, 0x0000000086f00000, 0x0000000087000000|  0%| F|  |TAMS 0x0000000086f00000, 0x0000000086f00000| Untracked 
|  90|0x0000000087000000, 0x0000000087000000, 0x0000000087100000|  0%| F|  |TAMS 0x0000000087000000, 0x0000000087000000| Untracked 
|  91|0x0000000087100000, 0x0000000087100000, 0x0000000087200000|  0%| F|  |TAMS 0x0000000087100000, 0x0000000087100000| Untracked 
|  92|0x0000000087200000, 0x0000000087200000, 0x0000000087300000|  0%| F|  |TAMS 0x0000000087200000, 0x0000000087200000| Untracked 
|  93|0x0000000087300000, 0x0000000087300000, 0x0000000087400000|  0%| F|  |TAMS 0x0000000087300000, 0x0000000087300000| Untracked 
|  94|0x0000000087400000, 0x0000000087400000, 0x0000000087500000|  0%| F|  |TAMS 0x0000000087400000, 0x0000000087400000| Untracked 
|  95|0x0000000087500000, 0x0000000087500000, 0x0000000087600000|  0%| F|  |TAMS 0x0000000087500000, 0x0000000087500000| Untracked 
|  96|0x0000000087600000, 0x0000000087600000, 0x0000000087700000|  0%| F|  |TAMS 0x0000000087600000, 0x0000000087600000| Untracked 
|  97|0x0000000087700000, 0x0000000087700000, 0x0000000087800000|  0%| F|  |TAMS 0x0000000087700000, 0x0000000087700000| Untracked 
|  98|0x0000000087800000, 0x0000000087800000, 0x0000000087900000|  0%| F|  |TAMS 0x0000000087800000, 0x0000000087800000| Untracked 
|  99|0x0000000087900000, 0x0000000087900000, 0x0000000087a00000|  0%| F|  |TAMS 0x0000000087900000, 0x0000000087900000| Untracked 
| 100|0x0000000087a00000, 0x0000000087a00000, 0x0000000087b00000|  0%| F|  |TAMS 0x0000000087a00000, 0x0000000087a00000| Untracked 
| 101|0x0000000087b00000, 0x0000000087b00000, 0x0000000087c00000|  0%| F|  |TAMS 0x0000000087b00000, 0x0000000087b00000| Untracked 
| 102|0x0000000087c00000, 0x0000000087d00000, 0x0000000087d00000|100%| S|CS|TAMS 0x0000000087c00000, 0x0000000087c00000| Complete 
| 103|0x0000000087d00000, 0x0000000087e00000, 0x0000000087e00000|100%| S|CS|TAMS 0x0000000087d00000, 0x0000000087d00000| Complete 
| 104|0x0000000087e00000, 0x0000000087f00000, 0x0000000087f00000|100%| S|CS|TAMS 0x0000000087e00000, 0x0000000087e00000| Complete 
| 105|0x0000000087f00000, 0x0000000087f00000, 0x0000000088000000|  0%| F|  |TAMS 0x0000000087f00000, 0x0000000087f00000| Untracked 
| 106|0x0000000088000000, 0x0000000088000000, 0x0000000088100000|  0%| F|  |TAMS 0x0000000088000000, 0x0000000088000000| Untracked 
| 107|0x0000000088100000, 0x0000000088100000, 0x0000000088200000|  0%| F|  |TAMS 0x0000000088100000, 0x0000000088100000| Untracked 
| 108|0x0000000088200000, 0x0000000088200000, 0x0000000088300000|  0%| F|  |TAMS 0x0000000088200000, 0x0000000088200000| Untracked 
| 109|0x0000000088300000, 0x0000000088300000, 0x0000000088400000|  0%| F|  |TAMS 0x0000000088300000, 0x0000000088300000| Untracked 
| 110|0x0000000088400000, 0x0000000088400000, 0x0000000088500000|  0%| F|  |TAMS 0x0000000088400000, 0x0000000088400000| Untracked 
| 111|0x0000000088500000, 0x0000000088500000, 0x0000000088600000|  0%| F|  |TAMS 0x0000000088500000, 0x0000000088500000| Untracked 
| 112|0x0000000088600000, 0x0000000088600000, 0x0000000088700000|  0%| F|  |TAMS 0x0000000088600000, 0x0000000088600000| Untracked 
| 113|0x0000000088700000, 0x00000000887fe7c8, 0x0000000088800000| 99%| E|  |TAMS 0x0000000088700000, 0x0000000088700000| Complete 
| 114|0x0000000088800000, 0x0000000088900000, 0x0000000088900000|100%| E|CS|TAMS 0x0000000088800000, 0x0000000088800000| Complete 
| 115|0x0000000088900000, 0x0000000088a00000, 0x0000000088a00000|100%| E|CS|TAMS 0x0000000088900000, 0x0000000088900000| Complete 
| 116|0x0000000088a00000, 0x0000000088b00000, 0x0000000088b00000|100%| E|CS|TAMS 0x0000000088a00000, 0x0000000088a00000| Complete 
| 117|0x0000000088b00000, 0x0000000088c00000, 0x0000000088c00000|100%| E|CS|TAMS 0x0000000088b00000, 0x0000000088b00000| Complete 
| 118|0x0000000088c00000, 0x0000000088d00000, 0x0000000088d00000|100%| E|CS|TAMS 0x0000000088c00000, 0x0000000088c00000| Complete 
| 119|0x0000000088d00000, 0x0000000088e00000, 0x0000000088e00000|100%| E|CS|TAMS 0x0000000088d00000, 0x0000000088d00000| Complete 
| 120|0x0000000088e00000, 0x0000000088f00000, 0x0000000088f00000|100%| E|CS|TAMS 0x0000000088e00000, 0x0000000088e00000| Complete 
| 121|0x0000000088f00000, 0x0000000089000000, 0x0000000089000000|100%| E|CS|TAMS 0x0000000088f00000, 0x0000000088f00000| Complete 
| 122|0x0000000089000000, 0x0000000089100000, 0x0000000089100000|100%| E|CS|TAMS 0x0000000089000000, 0x0000000089000000| Complete 
| 123|0x0000000089100000, 0x0000000089200000, 0x0000000089200000|100%| E|CS|TAMS 0x0000000089100000, 0x0000000089100000| Complete 
| 124|0x0000000089200000, 0x0000000089300000, 0x0000000089300000|100%| E|CS|TAMS 0x0000000089200000, 0x0000000089200000| Complete 
| 125|0x0000000089300000, 0x0000000089400000, 0x0000000089400000|100%| E|CS|TAMS 0x0000000089300000, 0x0000000089300000| Complete 
| 126|0x0000000089400000, 0x0000000089500000, 0x0000000089500000|100%| E|CS|TAMS 0x0000000089400000, 0x0000000089400000| Complete 
| 127|0x0000000089500000, 0x0000000089600000, 0x0000000089600000|100%| E|CS|TAMS 0x0000000089500000, 0x0000000089500000| Complete 

Card table byte_map: [0x000001d9fd490000,0x000001d9fd890000] _byte_map_base: 0x000001d9fd085000

Marking Bits (Prev, Next): (CMBitMap*) 0x000001d9f96efa60, (CMBitMap*) 0x000001d9f96efaa0
 Prev Bits: [0x000001d9fdc90000, 0x000001d9ffc38000)
 Next Bits: [0x000001d98f000000, 0x000001d990fa8000)

Polling page: 0x000001d9f75a0000

Metaspace:

Usage:
  Non-class:     17.45 MB used.
      Class:      2.07 MB used.
       Both:     19.52 MB used.

Virtual space:
  Non-class space:       24.00 MB reserved,      17.50 MB ( 73%) committed,  3 nodes.
      Class space:        1.00 GB reserved,       2.19 MB ( <1%) committed,  1 nodes.
             Both:        1.02 GB reserved,      19.69 MB (  2%) committed. 

Chunk freelists:
   Non-Class:  2.42 MB
       Class:  1.66 MB
        Both:  4.08 MB

MaxMetaspaceSize: unlimited
CompressedClassSpaceSize: 1.00 GB
Initial GC threshold: 21.00 MB
Current GC threshold: 21.00 MB
CDS: off
MetaspaceReclaimPolicy: balanced
 - commit_granule_bytes: 65536.
 - commit_granule_words: 8192.
 - virtual_space_node_default_size: 1048576.
 - enlarge_chunks_in_place: 1.
 - new_chunks_are_fully_committed: 0.
 - uncommit_free_chunks: 1.
 - use_allocation_guard: 0.
 - handle_deallocations: 1.


Internal statistics:

num_allocs_failed_limit: 0.
num_arena_births: 122.
num_arena_deaths: 0.
num_vsnodes_births: 4.
num_vsnodes_deaths: 0.
num_space_committed: 315.
num_space_uncommitted: 0.
num_chunks_returned_to_freelist: 0.
num_chunks_taken_from_freelist: 480.
num_chunk_merges: 0.
num_chunk_splits: 315.
num_chunks_enlarged: 259.
num_purges: 0.
num_inconsistent_stats: 0.

CodeHeap 'non-profiled nmethods': size=120000Kb used=469Kb max_used=469Kb free=119530Kb
 bounds [0x000001d987ad0000, 0x000001d987d40000, 0x000001d98f000000]
CodeHeap 'profiled nmethods': size=120000Kb used=2551Kb max_used=2551Kb free=117448Kb
 bounds [0x000001d9805a0000, 0x000001d980820000, 0x000001d987ad0000]
CodeHeap 'non-nmethods': size=5760Kb used=1162Kb max_used=1188Kb free=4598Kb
 bounds [0x000001d980000000, 0x000001d980270000, 0x000001d9805a0000]
 total_blobs=1858 nmethods=1405 adapters=366
 compilation: enabled
              stopped_count=0, restarted_count=0
 full_count=0

Compilation events (20 events):
Event: 1.000 Thread 0x000001d994038030 nmethod 1400 0x000001d980818110 code [0x000001d980818420, 0x000001d980819508]
Event: 1.001 Thread 0x000001d994038030 1402       3       org.springframework.util.Assert::state (14 bytes)
Event: 1.001 Thread 0x000001d994038030 nmethod 1402 0x000001d980819a10 code [0x000001d980819bc0, 0x000001d980819da8]
Event: 1.001 Thread 0x000001d994038030 1401       3       java.nio.file.attribute.FileTime::<init> (21 bytes)
Event: 1.001 Thread 0x000001d994038030 nmethod 1401 0x000001d980819e90 code [0x000001d98081a040, 0x000001d98081a278]
Event: 1.001 Thread 0x000001d994038030 1399       3       java.lang.PublicMethods$MethodList::<init> (10 bytes)
Event: 1.001 Thread 0x000001d994038030 nmethod 1399 0x000001d98081a310 code [0x000001d98081a4a0, 0x000001d98081a658]
Event: 1.001 Thread 0x000001d994038030 1403       3       java.util.ArrayList::contains (14 bytes)
Event: 1.002 Thread 0x000001d994038030 nmethod 1403 0x000001d98081a710 code [0x000001d98081a8c0, 0x000001d98081aae8]
Event: 1.002 Thread 0x000001d994038030 1405       3       org.springframework.core.annotation.AnnotationsScanner::getDeclaredAnnotations (166 bytes)
Event: 1.003 Thread 0x000001d994038030 nmethod 1405 0x000001d98081ac10 code [0x000001d98081af20, 0x000001d98081c438]
Event: 1.003 Thread 0x000001d994038030 1407       3       java.util.ArrayList::indexOfRange (71 bytes)
Event: 1.004 Thread 0x000001d994038030 nmethod 1407 0x000001d98081c910 code [0x000001d98081cae0, 0x000001d98081cfa8]
Event: 1.004 Thread 0x000001d994038030 1404       3       java.util.ArrayList::indexOf (11 bytes)
Event: 1.004 Thread 0x000001d994038030 nmethod 1404 0x000001d98081d190 code [0x000001d98081d320, 0x000001d98081d468]
Event: 1.004 Thread 0x000001d994038030 1406       3       java.util.Collections$UnmodifiableMap::get (11 bytes)
Event: 1.004 Thread 0x000001d994038030 nmethod 1406 0x000001d98081d510 code [0x000001d98081d6c0, 0x000001d98081d888]
Event: 1.006 Thread 0x000001d994038030 1408       3       java.lang.invoke.DirectMethodHandle::preparedLambdaForm (6 bytes)
Event: 1.007 Thread 0x000001d994038030 nmethod 1408 0x000001d98081d990 code [0x000001d98081db20, 0x000001d98081dc48]
Event: 1.008 Thread 0x000001d994038030 1409       3       jdk.internal.org.objectweb.asm.ClassWriter::toByteArray (1515 bytes)

GC Heap History (2 events):
Event: 0.839 GC heap before
{Heap before GC invocations=0 (full 0):
 garbage-first heap   total 131072K, used 23552K [0x0000000081600000, 0x0000000100000000)
  region size 1024K, 23 young (23552K), 0 survivors (0K)
 Metaspace       used 15832K, committed 16064K, reserved 1064960K
  class space    used 1631K, committed 1728K, reserved 1048576K
}
Event: 0.846 GC heap after
{Heap after GC invocations=1 (full 0):
 garbage-first heap   total 131072K, used 5028K [0x0000000081600000, 0x0000000100000000)
  region size 1024K, 3 young (3072K), 3 survivors (3072K)
 Metaspace       used 15832K, committed 16064K, reserved 1064960K
  class space    used 1631K, committed 1728K, reserved 1048576K
}

Deoptimization events (20 events):
Event: 0.831 Thread 0x000001d9f9691ca0 Uncommon trap: trap_request=0xffffffde fr.pc=0x000001d987b38244 relative=0x0000000000000124
Event: 0.831 Thread 0x000001d9f9691ca0 Uncommon trap: reason=class_check action=maybe_recompile pc=0x000001d987b38244 method=jdk.internal.misc.Unsafe.allocateUninitializedArray(Ljava/lang/Class;I)Ljava/lang/Object; @ 51 c2
Event: 0.831 Thread 0x000001d9f9691ca0 DEOPT PACKING pc=0x000001d987b38244 sp=0x00000028b5efcad0
Event: 0.831 Thread 0x000001d9f9691ca0 DEOPT UNPACKING pc=0x000001d9800523a3 sp=0x00000028b5efca58 mode 2
Event: 0.831 Thread 0x000001d9f9691ca0 Uncommon trap: trap_request=0xffffffde fr.pc=0x000001d987b38244 relative=0x0000000000000124
Event: 0.831 Thread 0x000001d9f9691ca0 Uncommon trap: reason=class_check action=maybe_recompile pc=0x000001d987b38244 method=jdk.internal.misc.Unsafe.allocateUninitializedArray(Ljava/lang/Class;I)Ljava/lang/Object; @ 51 c2
Event: 0.831 Thread 0x000001d9f9691ca0 DEOPT PACKING pc=0x000001d987b38244 sp=0x00000028b5efc6d0
Event: 0.831 Thread 0x000001d9f9691ca0 DEOPT UNPACKING pc=0x000001d9800523a3 sp=0x00000028b5efc658 mode 2
Event: 0.847 Thread 0x000001d994b98990 Uncommon trap: trap_request=0xffffff45 fr.pc=0x000001d987b337ac relative=0x000000000000016c
Event: 0.847 Thread 0x000001d994b98990 Uncommon trap: reason=unstable_if action=reinterpret pc=0x000001d987b337ac method=java.util.concurrent.ConcurrentHashMap.addCount(JI)V @ 121 c2
Event: 0.847 Thread 0x000001d994b98990 DEOPT PACKING pc=0x000001d987b337ac sp=0x00000028b72fe020
Event: 0.847 Thread 0x000001d994b98990 DEOPT UNPACKING pc=0x000001d9800523a3 sp=0x00000028b72fdf80 mode 2
Event: 0.981 Thread 0x000001d9f9691ca0 Uncommon trap: trap_request=0xffffff45 fr.pc=0x000001d987b37d94 relative=0x00000000000002f4
Event: 0.981 Thread 0x000001d9f9691ca0 Uncommon trap: reason=unstable_if action=reinterpret pc=0x000001d987b37d94 method=jdk.internal.org.objectweb.asm.SymbolTable.put(Ljdk/internal/org/objectweb/asm/SymbolTable$Entry;)Ljdk/internal/org/objectweb/asm/SymbolTable$Entry; @ 13 c2
Event: 0.981 Thread 0x000001d9f9691ca0 DEOPT PACKING pc=0x000001d987b37d94 sp=0x00000028b5efd7e0
Event: 0.981 Thread 0x000001d9f9691ca0 DEOPT UNPACKING pc=0x000001d9800523a3 sp=0x00000028b5efd760 mode 2
Event: 0.983 Thread 0x000001d9f9691ca0 Uncommon trap: trap_request=0xffffff45 fr.pc=0x000001d987af5298 relative=0x0000000000000098
Event: 0.983 Thread 0x000001d9f9691ca0 Uncommon trap: reason=unstable_if action=reinterpret pc=0x000001d987af5298 method=java.util.HashMap.hash(Ljava/lang/Object;)I @ 1 c2
Event: 0.983 Thread 0x000001d9f9691ca0 DEOPT PACKING pc=0x000001d987af5298 sp=0x00000028b5efe180
Event: 0.983 Thread 0x000001d9f9691ca0 DEOPT UNPACKING pc=0x000001d9800523a3 sp=0x00000028b5efe118 mode 2

Classes unloaded (0 events):
No events

Classes redefined (0 events):
No events

Internal exceptions (20 events):
Event: 0.494 Thread 0x000001d9f9691ca0 Exception <a 'java/lang/NoSuchMethodError'{0x0000000088af27a8}: 'java.lang.Object java.lang.invoke.DirectMethodHandle$Holder.invokeStaticInit(java.lang.Object)'> (0x0000000088af27a8) 
thrown [s\src\hotspot\share\interpreter\linkResolver.cpp, line 759]
Event: 0.498 Thread 0x000001d9f9691ca0 Exception <a 'sun/nio/fs/WindowsException'{0x0000000088907018}> (0x0000000088907018) 
thrown [s\src\hotspot\share\prims\jni.cpp, line 516]
Event: 0.620 Thread 0x000001d9f9691ca0 Exception <a 'java/lang/NoSuchMethodError'{0x00000000887bb0e8}: 'int java.lang.invoke.DirectMethodHandle$Holder.invokeSpecial(java.lang.Object, java.lang.Object, java.lang.Object)'> (0x00000000887bb0e8) 
thrown [s\src\hotspot\share\interpreter\linkResolver.cpp, line 759]
Event: 0.626 Thread 0x000001d9f9691ca0 Exception <a 'java/lang/NoSuchMethodError'{0x00000000887fbce0}: 'int java.lang.invoke.DirectMethodHandle$Holder.invokeSpecial(java.lang.Object, java.lang.Object, java.lang.Object, java.lang.Object)'> (0x00000000887fbce0) 
thrown [s\src\hotspot\share\interpreter\linkResolver.cpp, line 759]
Event: 0.639 Thread 0x000001d9f9691ca0 Exception <a 'java/lang/NoSuchMethodError'{0x000000008867ab30}: 'void java.lang.invoke.DirectMethodHandle$Holder.invokeSpecial(java.lang.Object, java.lang.Object, java.lang.Object)'> (0x000000008867ab30) 
thrown [s\src\hotspot\share\interpreter\linkResolver.cpp, line 759]
Event: 0.656 Thread 0x000001d9f9691ca0 Exception <a 'java/lang/NoSuchMethodError'{0x000000008857eb10}: 'java.lang.Object java.lang.invoke.DirectMethodHandle$Holder.newInvokeSpecial(java.lang.Object, java.lang.Object, java.lang.Object, java.lang.Object, java.lang.Object, java.lang.Object, int)'> (0x000000008857eb10) 
thrown [s\src\hotspot\share\interpreter\linkResolver.cpp, line 759]
Event: 0.666 Thread 0x000001d9f9691ca0 Exception <a 'java/lang/NoSuchMethodError'{0x00000000885cebb8}: 'java.lang.Object java.lang.invoke.DirectMethodHandle$Holder.newInvokeSpecial(java.lang.Object, java.lang.Object, int, java.lang.Object)'> (0x00000000885cebb8) 
thrown [s\src\hotspot\share\interpreter\linkResolver.cpp, line 759]
Event: 0.666 Thread 0x000001d9f9691ca0 Exception <a 'java/lang/NoSuchMethodError'{0x00000000885d2f98}: 'java.lang.Object java.lang.invoke.DirectMethodHandle$Holder.invokeSpecial(java.lang.Object, java.lang.Object, java.lang.Object, int, java.lang.Object)'> (0x00000000885d2f98) 
thrown [s\src\hotspot\share\interpreter\linkResolver.cpp, line 759]
Event: 0.669 Thread 0x000001d9f9691ca0 Exception <a 'java/lang/NoSuchMethodError'{0x00000000885f0c18}: 'java.lang.Object java.lang.invoke.DirectMethodHandle$Holder.newInvokeSpecial(java.lang.Object, java.lang.Object, java.lang.Object, java.lang.Object, java.lang.Object, java.lang.Object)'> (0x00000000885f0c18) 
thrown [s\src\hotspot\share\interpreter\linkResolver.cpp, line 759]
Event: 0.671 Thread 0x000001d9f9691ca0 Exception <a 'java/lang/NoSuchMethodError'{0x00000000884055c8}: 'int java.lang.invoke.DirectMethodHandle$Holder.invokeVirtual(java.lang.Object, java.lang.Object)'> (0x00000000884055c8) 
thrown [s\src\hotspot\share\interpreter\linkResolver.cpp, line 759]
Event: 0.695 Thread 0x000001d9f9691ca0 Exception <a 'java/lang/NoSuchMethodError'{0x00000000884d9130}: 'void java.lang.invoke.DirectMethodHandle$Holder.invokeStatic(java.lang.Object, java.lang.Object)'> (0x00000000884d9130) 
thrown [s\src\hotspot\share\interpreter\linkResolver.cpp, line 759]
Event: 0.696 Thread 0x000001d9f9691ca0 Exception <a 'java/lang/NoSuchMethodError'{0x00000000884dc688}: 'void java.lang.invoke.DirectMethodHandle$Holder.invokeStaticInit(java.lang.Object, java.lang.Object)'> (0x00000000884dc688) 
thrown [s\src\hotspot\share\interpreter\linkResolver.cpp, line 759]
Event: 0.773 Thread 0x000001d9f9691ca0 Exception <a 'java/lang/NoSuchMethodError'{0x00000000882b4008}: 'void java.lang.invoke.DirectMethodHandle$Holder.invokeSpecial(java.lang.Object, java.lang.Object, java.lang.Object, java.lang.Object, java.lang.Object)'> (0x00000000882b4008) 
thrown [s\src\hotspot\share\interpreter\linkResolver.cpp, line 759]
Event: 0.780 Thread 0x000001d994b98990 Exception <a 'java/lang/NoClassDefFoundError'{0x0000000088102330}: javax/validation/Validation> (0x0000000088102330) 
thrown [s\src\hotspot\share\classfile\systemDictionary.cpp, line 245]
Event: 0.808 Thread 0x000001d994b98990 Exception <a 'java/lang/NoSuchMethodError'{0x0000000088055250}: 'int java.lang.invoke.DirectMethodHandle$Holder.invokeInterface(java.lang.Object, java.lang.Object)'> (0x0000000088055250) 
thrown [s\src\hotspot\share\interpreter\linkResolver.cpp, line 759]
Event: 0.818 Thread 0x000001d994b98990 Exception <a 'java/lang/NoSuchMethodError'{0x00000000880818f0}: 'java.lang.Object java.lang.invoke.DirectMethodHandle$Holder.invokeStaticInit(java.lang.Object, java.lang.Object, java.lang.Object)'> (0x00000000880818f0) 
thrown [s\src\hotspot\share\interpreter\linkResolver.cpp, line 759]
Event: 0.819 Thread 0x000001d994b98990 Exception <a 'java/lang/NoSuchMethodError'{0x00000000880877e0}: 'java.lang.Object java.lang.invoke.DirectMethodHandle$Holder.invokeStaticInit(java.lang.Object, java.lang.Object, java.lang.Object, java.lang.Object, java.lang.Object)'> (0x00000000880877e0) 
thrown [s\src\hotspot\share\interpreter\linkResolver.cpp, line 759]
Event: 0.917 Thread 0x000001d9f9691ca0 Exception <a 'java/lang/NoClassDefFoundError'{0x00000000890fa040}: javax/validation/ValidationException> (0x00000000890fa040) 
thrown [s\src\hotspot\share\classfile\systemDictionary.cpp, line 245]
Event: 0.937 Thread 0x000001d9f9691ca0 Exception <a 'java/lang/NoSuchMethodError'{0x0000000088d60ac0}: 'org.slf4j.impl.StaticMDCBinder org.slf4j.impl.StaticMDCBinder.getSingleton()'> (0x0000000088d60ac0) 
thrown [s\src\hotspot\share\interpreter\linkResolver.cpp, line 759]
Event: 0.983 Thread 0x000001d9f9691ca0 Implicit null exception at 0x000001d987af520f to 0x000001d987af5289

VM Operations (18 events):
Event: 0.141 Executing VM operation: HandshakeAllThreads
Event: 0.141 Executing VM operation: HandshakeAllThreads done
Event: 0.349 Executing VM operation: HandshakeAllThreads
Event: 0.349 Executing VM operation: HandshakeAllThreads done
Event: 0.365 Executing VM operation: HandshakeAllThreads
Event: 0.365 Executing VM operation: HandshakeAllThreads done
Event: 0.499 Executing VM operation: HandshakeAllThreads
Event: 0.499 Executing VM operation: HandshakeAllThreads done
Event: 0.676 Executing VM operation: HandshakeAllThreads
Event: 0.676 Executing VM operation: HandshakeAllThreads done
Event: 0.769 Executing VM operation: HandshakeAllThreads
Event: 0.769 Executing VM operation: HandshakeAllThreads done
Event: 0.778 Executing VM operation: ICBufferFull
Event: 0.778 Executing VM operation: ICBufferFull done
Event: 0.788 Executing VM operation: HandshakeAllThreads
Event: 0.788 Executing VM operation: HandshakeAllThreads done
Event: 0.838 Executing VM operation: G1CollectForAllocation
Event: 0.846 Executing VM operation: G1CollectForAllocation done

Events (20 events):
Event: 0.985 loading class jdk/internal/reflect/ByteVector done
Event: 0.985 loading class jdk/internal/reflect/ByteVectorImpl done
Event: 0.985 loading class jdk/internal/reflect/ClassFileAssembler
Event: 0.986 loading class jdk/internal/reflect/ClassFileAssembler done
Event: 0.986 loading class jdk/internal/reflect/UTF8
Event: 0.986 loading class jdk/internal/reflect/UTF8 done
Event: 0.987 loading class jdk/internal/reflect/Label
Event: 0.987 loading class jdk/internal/reflect/Label done
Event: 0.987 loading class jdk/internal/reflect/Label$PatchInfo
Event: 0.987 loading class jdk/internal/reflect/Label$PatchInfo done
Event: 0.987 loading class jdk/internal/reflect/MethodAccessorGenerator$1
Event: 0.987 loading class jdk/internal/reflect/MethodAccessorGenerator$1 done
Event: 0.987 loading class jdk/internal/reflect/ClassDefiner
Event: 0.987 loading class jdk/internal/reflect/ClassDefiner done
Event: 0.987 loading class jdk/internal/reflect/ClassDefiner$1
Event: 0.987 loading class jdk/internal/reflect/ClassDefiner$1 done
Event: 0.987 loading class jdk/internal/reflect/BootstrapConstructorAccessorImpl
Event: 0.988 loading class jdk/internal/reflect/BootstrapConstructorAccessorImpl done
Event: 1.009 loading class java/util/RegularEnumSet$EnumSetIterator
Event: 1.010 loading class java/util/RegularEnumSet$EnumSetIterator done


Dynamic libraries:
0x00007ff6418c0000 - 0x00007ff6418ce000 	C:\Users\HP\Downloads\sts-4.15.3.RELEASE\plugins\org.eclipse.justj.openjdk.hotspot.jre.full.win32.x86_64_17.0.4.v20220805-1047\jre\bin\javaw.exe
0x00007ff90a3b0000 - 0x00007ff90a5a5000 	C:\Windows\SYSTEM32\ntdll.dll
0x00007ff9099c0000 - 0x00007ff909a7d000 	C:\Windows\System32\KERNEL32.DLL
0x00007ff907fb0000 - 0x00007ff90827d000 	C:\Windows\System32\KERNELBASE.dll
0x00007ff907d50000 - 0x00007ff907e50000 	C:\Windows\System32\ucrtbase.dll
0x00007ff8cc6e0000 - 0x00007ff8cc6f9000 	C:\Users\HP\Downloads\sts-4.15.3.RELEASE\plugins\org.eclipse.justj.openjdk.hotspot.jre.full.win32.x86_64_17.0.4.v20220805-1047\jre\bin\VCRUNTIME140.dll
0x00007ff8d4640000 - 0x00007ff8d4658000 	C:\Users\HP\Downloads\sts-4.15.3.RELEASE\plugins\org.eclipse.justj.openjdk.hotspot.jre.full.win32.x86_64_17.0.4.v20220805-1047\jre\bin\jli.dll
0x00007ff9085b0000 - 0x00007ff908750000 	C:\Windows\System32\USER32.dll
0x00007ff8f63f0000 - 0x00007ff8f668a000 	C:\Windows\WinSxS\amd64_microsoft.windows.common-controls_6595b64144ccf1df_6.0.19041.1110_none_60b5254171f9507e\COMCTL32.dll
0x00007ff907d20000 - 0x00007ff907d42000 	C:\Windows\System32\win32u.dll
0x00007ff909320000 - 0x00007ff9093be000 	C:\Windows\System32\msvcrt.dll
0x00007ff9088b0000 - 0x00007ff9088da000 	C:\Windows\System32\GDI32.dll
0x00007ff907b60000 - 0x00007ff907c6b000 	C:\Windows\System32\gdi32full.dll
0x00007ff907ac0000 - 0x00007ff907b5d000 	C:\Windows\System32\msvcp_win.dll
0x00007ff9088e0000 - 0x00007ff908910000 	C:\Windows\System32\IMM32.DLL
0x00007ff8f3990000 - 0x00007ff8f399c000 	C:\Users\HP\Downloads\sts-4.15.3.RELEASE\plugins\org.eclipse.justj.openjdk.hotspot.jre.full.win32.x86_64_17.0.4.v20220805-1047\jre\bin\vcruntime140_1.dll
0x00007ff8b1410000 - 0x00007ff8b14a1000 	C:\Users\HP\Downloads\sts-4.15.3.RELEASE\plugins\org.eclipse.justj.openjdk.hotspot.jre.full.win32.x86_64_17.0.4.v20220805-1047\jre\bin\msvcp140.dll
0x00007ff89d7a0000 - 0x00007ff89e3e6000 	C:\Users\HP\Downloads\sts-4.15.3.RELEASE\plugins\org.eclipse.justj.openjdk.hotspot.jre.full.win32.x86_64_17.0.4.v20220805-1047\jre\bin\server\jvm.dll
0x00007ff908750000 - 0x00007ff9087fe000 	C:\Windows\System32\ADVAPI32.dll
0x00007ff909bb0000 - 0x00007ff909c4c000 	C:\Windows\System32\sechost.dll
0x00007ff909a80000 - 0x00007ff909ba5000 	C:\Windows\System32\RPCRT4.dll
0x00007ff909930000 - 0x00007ff909938000 	C:\Windows\System32\PSAPI.DLL
0x00007ff901b30000 - 0x00007ff901b39000 	C:\Windows\SYSTEM32\WSOCK32.dll
0x00007ff8f41c0000 - 0x00007ff8f41e7000 	C:\Windows\SYSTEM32\WINMM.dll
0x00007ff9015a0000 - 0x00007ff9015aa000 	C:\Windows\SYSTEM32\VERSION.dll
0x00007ff9093c0000 - 0x00007ff90942b000 	C:\Windows\System32\WS2_32.dll
0x00007ff906350000 - 0x00007ff906362000 	C:\Windows\SYSTEM32\kernel.appcore.dll
0x00007ff901540000 - 0x00007ff90154a000 	C:\Users\HP\Downloads\sts-4.15.3.RELEASE\plugins\org.eclipse.justj.openjdk.hotspot.jre.full.win32.x86_64_17.0.4.v20220805-1047\jre\bin\jimage.dll
0x00007ff905770000 - 0x00007ff905954000 	C:\Windows\SYSTEM32\DBGHELP.DLL
0x00007ff8edd00000 - 0x00007ff8edd2c000 	C:\Windows\SYSTEM32\dbgcore.DLL
0x00007ff908300000 - 0x00007ff908382000 	C:\Windows\System32\bcryptPrimitives.dll
0x00007ff8f24d0000 - 0x00007ff8f24f5000 	C:\Users\HP\Downloads\sts-4.15.3.RELEASE\plugins\org.eclipse.justj.openjdk.hotspot.jre.full.win32.x86_64_17.0.4.v20220805-1047\jre\bin\java.dll
0x00007ff8eead0000 - 0x00007ff8eeae8000 	C:\Users\HP\Downloads\sts-4.15.3.RELEASE\plugins\org.eclipse.justj.openjdk.hotspot.jre.full.win32.x86_64_17.0.4.v20220805-1047\jre\bin\zip.dll
0x00007ff908bd0000 - 0x00007ff909314000 	C:\Windows\System32\SHELL32.dll
0x00007ff905ba0000 - 0x00007ff906334000 	C:\Windows\SYSTEM32\windows.storage.dll
0x00007ff909c50000 - 0x00007ff909fa4000 	C:\Windows\System32\combase.dll
0x00007ff907520000 - 0x00007ff90754c000 	C:\Windows\SYSTEM32\Wldp.dll
0x00007ff908800000 - 0x00007ff9088ad000 	C:\Windows\System32\SHCORE.dll
0x00007ff909430000 - 0x00007ff909485000 	C:\Windows\System32\shlwapi.dll
0x00007ff907a00000 - 0x00007ff907a1f000 	C:\Windows\SYSTEM32\profapi.dll
0x00007ff8ecee0000 - 0x00007ff8ecef9000 	C:\Users\HP\Downloads\sts-4.15.3.RELEASE\plugins\org.eclipse.justj.openjdk.hotspot.jre.full.win32.x86_64_17.0.4.v20220805-1047\jre\bin\net.dll
0x00007ff901410000 - 0x00007ff90151a000 	C:\Windows\SYSTEM32\WINHTTP.dll
0x00007ff907280000 - 0x00007ff9072ea000 	C:\Windows\system32\mswsock.dll
0x00007ff8eb450000 - 0x00007ff8eb465000 	C:\Users\HP\Downloads\sts-4.15.3.RELEASE\plugins\org.eclipse.justj.openjdk.hotspot.jre.full.win32.x86_64_17.0.4.v20220805-1047\jre\bin\nio.dll
0x00007ff8f52b0000 - 0x00007ff8f52c0000 	C:\Users\HP\Downloads\sts-4.15.3.RELEASE\plugins\org.eclipse.justj.openjdk.hotspot.jre.full.win32.x86_64_17.0.4.v20220805-1047\jre\bin\verify.dll
0x00007ff8f3940000 - 0x00007ff8f3949000 	C:\Users\HP\Downloads\sts-4.15.3.RELEASE\plugins\org.eclipse.justj.openjdk.hotspot.jre.full.win32.x86_64_17.0.4.v20220805-1047\jre\bin\management.dll
0x00007ff8f1dd0000 - 0x00007ff8f1ddb000 	C:\Users\HP\Downloads\sts-4.15.3.RELEASE\plugins\org.eclipse.justj.openjdk.hotspot.jre.full.win32.x86_64_17.0.4.v20220805-1047\jre\bin\management_ext.dll
0x00007ff8c2d40000 - 0x00007ff8c2d57000 	C:\Windows\system32\napinsp.dll
0x00007ff8c0990000 - 0x00007ff8c09ab000 	C:\Windows\system32\pnrpnsp.dll
0x00007ff902840000 - 0x00007ff902855000 	C:\Windows\system32\wshbth.dll
0x00007ff903500000 - 0x00007ff90351d000 	C:\Windows\system32\NLAapi.dll
0x00007ff906f20000 - 0x00007ff906f5b000 	C:\Windows\SYSTEM32\IPHLPAPI.DLL
0x00007ff906f60000 - 0x00007ff90702b000 	C:\Windows\SYSTEM32\DNSAPI.dll
0x00007ff90a100000 - 0x00007ff90a108000 	C:\Windows\System32\NSI.dll
0x00007ff8c0820000 - 0x00007ff8c0832000 	C:\Windows\System32\winrnr.dll
0x00007ff8f0730000 - 0x00007ff8f073a000 	C:\Windows\System32\rasadhlp.dll
0x00007ff8f1df0000 - 0x00007ff8f1e70000 	C:\Windows\System32\fwpuclnt.dll
0x00007ff908280000 - 0x00007ff9082a7000 	C:\Windows\System32\bcrypt.dll

dbghelp: loaded successfully - version: 4.0.5 - missing functions: none
symbol engine: initialized successfully - sym options: 0x614 - pdb path: .;C:\Users\HP\Downloads\sts-4.15.3.RELEASE\plugins\org.eclipse.justj.openjdk.hotspot.jre.full.win32.x86_64_17.0.4.v20220805-1047\jre\bin;C:\Windows\SYSTEM32;C:\Windows\WinSxS\amd64_microsoft.windows.common-controls_6595b64144ccf1df_6.0.19041.1110_none_60b5254171f9507e;C:\Users\HP\Downloads\sts-4.15.3.RELEASE\plugins\org.eclipse.justj.openjdk.hotspot.jre.full.win32.x86_64_17.0.4.v20220805-1047\jre\bin\server

VM Arguments:
jvm_args: -Dfile.encoding=UTF-8 -XX:+ShowCodeDetailsInExceptionMessages 
java_command: io.javabrains.springbootstarter.CourseApiApp
java_class_path (initial): C:\Users\HP\Documents\workspace-spring-tool-suite-4-4.15.3.RELEASE\course-api\target\classes;C:\Users\HP\.m2\repository\org\springframework\boot\spring-boot-starter-web\2.3.5.RELEASE\spring-boot-starter-web-2.3.5.RELEASE.jar;C:\Users\HP\.m2\repository\org\springframework\boot\spring-boot-starter\2.3.5.RELEASE\spring-boot-starter-2.3.5.RELEASE.jar;C:\Users\HP\.m2\repository\org\springframework\boot\spring-boot\2.3.5.RELEASE\spring-boot-2.3.5.RELEASE.jar;C:\Users\HP\.m2\repository\org\springframework\boot\spring-boot-autoconfigure\2.3.5.RELEASE\spring-boot-autoconfigure-2.3.5.RELEASE.jar;C:\Users\HP\.m2\repository\org\springframework\boot\spring-boot-starter-logging\2.3.5.RELEASE\spring-boot-starter-logging-2.3.5.RELEASE.jar;C:\Users\HP\.m2\repository\ch\qos\logback\logback-classic\1.2.3\logback-classic-1.2.3.jar;C:\Users\HP\.m2\repository\ch\qos\logback\logback-core\1.2.3\logback-core-1.2.3.jar;C:\Users\HP\.m2\repository\org\apache\logging\log4j\log4j-to-slf4j\2.13.3\log4j-to-slf4j-2.13.3.jar;C:\Users\HP\.m2\repository\org\apache\logging\log4j\log4j-api\2.13.3\log4j-api-2.13.3.jar;C:\Users\HP\.m2\repository\org\slf4j\jul-to-slf4j\1.7.30\jul-to-slf4j-1.7.30.jar;C:\Users\HP\.m2\repository\jakarta\annotation\jakarta.annotation-api\1.3.5\jakarta.annotation-api-1.3.5.jar;C:\Users\HP\.m2\repository\org\springframework\spring-core\5.2.10.RELEASE\spring-core-5.2.10.RELEASE.jar;C:\Users\HP\.m2\repository\org\springframework\spring-jcl\5.2.10.RELEASE\spring-jcl-5.2.10.RELEASE.jar;C:\Users\HP\.m2\repository\org\yaml\snakeyaml\1.26\snakeyaml-1.26.jar;C:\Users\HP\.m2\repository\org\springframework\boot\spring-boot-starter-json\2.3.5.RELEASE\spring-boot-starter-json-2.3.5.RELEASE.jar;C:\Users\HP\.m2\repository\com\fasterxml\jackson\core\jackson-databind\2.11.3\jackson-databind-2.11.3.jar;C:\Users\HP\.m2\repository\com\fasterxml\jackson\core\jackson-annotations\2.11.3\jackson-annotations-2.11.3.jar;C:\Users\HP\.m2\repository\com\fasterxml\jackson\core\j
Launcher Type: SUN_STANDARD

[Global flags]
     intx CICompilerCount                          = 4                                         {product} {ergonomic}
     uint ConcGCThreads                            = 2                                         {product} {ergonomic}
     uint G1ConcRefinementThreads                  = 8                                         {product} {ergonomic}
   size_t G1HeapRegionSize                         = 1048576                                   {product} {ergonomic}
    uintx GCDrainStackTargetSize                   = 64                                        {product} {ergonomic}
   size_t InitialHeapSize                          = 134217728                                 {product} {ergonomic}
   size_t MarkStackSize                            = 4194304                                   {product} {ergonomic}
   size_t MaxHeapSize                              = 2124414976                                {product} {ergonomic}
   size_t MaxNewSize                               = 1274019840                                {product} {ergonomic}
   size_t MinHeapDeltaBytes                        = 1048576                                   {product} {ergonomic}
   size_t MinHeapSize                              = 8388608                                   {product} {ergonomic}
    uintx NonNMethodCodeHeapSize                   = 5839372                                {pd product} {ergonomic}
    uintx NonProfiledCodeHeapSize                  = 122909434                              {pd product} {ergonomic}
    uintx ProfiledCodeHeapSize                     = 122909434                              {pd product} {ergonomic}
    uintx ReservedCodeCacheSize                    = 251658240                              {pd product} {ergonomic}
     bool SegmentedCodeCache                       = true                                      {product} {ergonomic}
     bool ShowCodeDetailsInExceptionMessages       = true                                   {manageable} {command line}
   size_t SoftMaxHeapSize                          = 2124414976                             {manageable} {ergonomic}
     bool UseCompressedClassPointers               = true                           {product lp64_product} {ergonomic}
     bool UseCompressedOops                        = true                           {product lp64_product} {ergonomic}
     bool UseG1GC                                  = true                                      {product} {ergonomic}
     bool UseLargePagesIndividualAllocation        = false                                  {pd product} {ergonomic}

Logging:
Log output configuration:
 #0: stdout all=warning uptime,level,tags
 #1: stderr all=off uptime,level,tags

Environment Variables:
PATH=C:/Users/HP/Downloads/sts-4.15.3.RELEASE//plugins/org.eclipse.justj.openjdk.hotspot.jre.full.win32.x86_64_17.0.4.v20220805-1047/jre/bin/server;C:/Users/HP/Downloads/sts-4.15.3.RELEASE//plugins/org.eclipse.justj.openjdk.hotspot.jre.full.win32.x86_64_17.0.4.v20220805-1047/jre/bin;C:\Program Files (x86)\Common Files\Oracle\Java\javapath;C:\Windows\system32;C:\Windows;C:\Windows\System32\Wbem;C:\Windows\System32\WindowsPowerShell\v1.0\;C:\Windows\System32\OpenSSH\;C:\Program Files (x86)\NVIDIA Corporation\PhysX\Common;C:\Program Files\Microsoft SQL Server\Client SDK\ODBC\170\Tools\Binn\;C:\Program Files (x86)\Microsoft SQL Server\150\Tools\Binn\;C:\Program Files\Microsoft SQL Server\150\Tools\Binn\;C:\Program Files\Microsoft SQL Server\150\DTS\Binn\;C:\Program Files (x86)\Microsoft SQL Server\150\DTS\Binn\;C:\Program Files\Azure Data Studio\bin;C:\Users\HP\AppData\Local\Microsoft\WindowsApps;;C:\Users\HP\AppData\Local\Programs\Microsoft VS Code\bin;C:\Program Files\Azure Data Studio\bin;C:\Windows\system32;
USERNAME=HP
OS=Windows_NT
PROCESSOR_IDENTIFIER=Intel64 Family 6 Model 142 Stepping 10, GenuineIntel
TMP=C:\Users\HP\AppData\Local\Temp
TEMP=C:\Users\HP\AppData\Local\Temp



---------------  S Y S T E M  ---------------

OS:
 Windows 10 , 64 bit Build 19041 (10.0.19041.1706)
OS uptime: 6 days 7:57 hours

CPU: total 8 (initial active 8) (4 cores per cpu, 2 threads per core) family 6 model 142 stepping 10 microcode 0xe0, cx8, cmov, fxsr, ht, mmx, 3dnowpref, sse, sse2, sse3, ssse3, sse4.1, sse4.2, popcnt, lzcnt, tsc, tscinvbit, avx, avx2, aes, erms, clmul, bmi1, bmi2, adx, fma, vzeroupper, clflush, clflushopt

Memory: 4k page, system-wide physical 8103M (1024M free)
TotalPageFile size 12199M (AvailPageFile size 3M)
current process WorkingSet (physical memory assigned to process): 96M, peak: 96M
current process commit charge ("private bytes"): 235M, peak: 236M

vm_info: OpenJDK 64-Bit Server VM (17.0.4+8) for windows-amd64 JRE (17.0.4+8), built on Jul 19 2022 16:05:16 by "temurin" with MS VC++ 16.7 (VS2019)

END.
